DEBUG 2016-12-09 23:35:25,064 [main] com.atmlabs.humorizerbot.repositories.BotRepositories - 08/12/16, 9:15:29 AM: Mummyji: рдХреБрджрд░рдд рдХрд╛ рд╕рдмрд╕реЗ рдмрдбрд╛ рд╕рдЪ ::--

ЁЯТз рдпрджрд┐ рдЖрдк рдлреВрд▓реЛрдВ рдкрд░ рд╕реЛ рд░рд╣реЗ рд╣реИрдВ
        рддреЛ рдпреЗ рдЖрдкрдХреА рдкрд╣рд▓реА рд░рд╛рдд рд╣реИ l

ЁЯТз рдФрд░ рдпрджрд┐ рдлреВрд▓ рдЖрдк рдкрд░ рд╕реЛ рд░рд╣реЗ
        рд╣реИ рддреЛ рдпреЗ рдЖрдкрдХреА рдЖрдЦрд┐рд░реА рд░рд╛рдд рд╣реИ l

(рдЕрдЬрдм рддреЗрд░реА рджреБрдирд┐рдпрд╛ рдЧреЫрдм рддреЗрд░рд╛ рдЦреЗрд▓)

┬оЁЯФ╣ЁЯФ╕ЁЯФ╣┬оЁЯФ╣ЁЯФ╕ЁЯФ╣┬о

ЁЯТз рдореЛрдордмрддреНрддреА рдЬрд▓рд╛рдХрд░ рдореБрд░реНрджреЛрдВ рдХреЛ рдпрд╛рдж
        рдХрд┐рдпрд╛ рдЬрд╛рддрд╛ рд╣реИ l

ЁЯТз рдФрд░ рдореЛрдордмрддреНрддреА рдмреБрдЭрд╛рдХрд░ рдЬрдиреНрдо
        рджрд┐рди рдордирд╛рдпрд╛ рдЬрд╛рддрд╛ рд╣реИ l

(рдХреИрд╕реА рд╡рд┐рдбрдореНрдмрдирд╛ рд╣реИ рд╣рдорд╛рд░реЗ рджреЗрд╢ рдХреА)

┬оЁЯФ╣ЁЯФ╕ЁЯФ╣┬оЁЯФ╣ЁЯФ╕ЁЯФ╣┬о

ЁЯТз рдлреВрд▓рди рджреЗрд╡реА рдбрд╛рдХреВ рд╣реЛрдХрд░ рднреА
        рдЪреБрдирд╛рд╡ рдЬреАрдд рдЧрдИ рдереА l

ЁЯТз рдФрд░ рдХрд┐рд░рди рдмреЗрджреА рдкреБрд▓рд┐рд╕ рд╡рд╛рд▓реА
        рд╣реЛрдХрд░ рднреА рд╣рд╛рд░ рдЧрдИ l

(рдХрд┐рд╕реНрдордд рдХреЗ рдЦреЗрд▓ рдирд┐рд░рд╛рд▓реЗ рдореЗрд░реЗ рднреИрдпрд╛)
ЁЯЪзЁЯЪзЁЯЪзЁЯЪзЁЯЪзЁЯЪзЁЯЪзЁЯЪз

рдХрд┐рддрдиреА рдЕрдЬреАрдм рджреБрдирд┐рдпрд╛ рд╣реИрдВ, рдЬрд╣рд╛рдБ рдФрд░рддреЗрдВ тАШрджреВрд╕рд░реА рдФрд░рддреЛрдВ
рдХреА рд╢рд┐рдХрд╛рдпрддреЗ рдХрд░рддреЗ рдирд╣реАрдВ рдердХрддреА,

рдЬрдмрдХрд┐ рдкреБрд░реВрд╖ тАШрджреВрд╕рд░реА рдФрд░рддреЛрдВтАЩ рдХреА рддрд╛рд░реАрдл рдХрд░рддреЗ рдирд╣реАрдБ
рдердХрддреЗ !!!

рдкреБрд░реБрд╖ рд╕рдЪ рдореЗрдВ рдорд╣рд╛рди рд╣реИрдВ !!ЁЯШЬЁЯШЭЁЯШЭЁЯШЭ


ЁЯЪзЁЯЪзЁЯЪзЁЯЪзЁЯЪзЁЯЪзЁЯЪзЁЯЪзЁЯЪзЁЯЪз

5 рдЪреАрдЬреЗрдВ рдЬреЛ рдЦрддреНрдо рд╣реЛрдиреЗ рдкреЗ рдмрд╣реБрдд рддрдХрд▓реАрдл рджреЗрддреЗ рд╣реИрдВ

1. рджреЛрд╕реНрддреА
2. рдкреИрд╕рд╛
3. рдкреНрдпрд╛рд░
4. рд░рд╡рд┐рд╡рд╛рд░ рдФрд░
5. рдЗрдВрдЯрд░рдиреЗрдЯ рдкреЗрдХ

рд▓рд╛рд╕реНрдЯ рд╡рд╛рд▓рд╛ рддреЛ рд░реБрд▓рд╛ рд╣реА рджреЗрддрд╛ рд╣реИтАжЁЯШЬ



ЁЯШЬЁЯШЭЁЯШЫЁЯШ╖ЁЯШ╖ЁЯШЛЁЯШЛ

ЁЯЪзЁЯЪзЁЯЪзЁЯЪзЁЯЪзЁЯЪзЁЯЪзЁЯЪзЁЯЪзЁЯЪз

ЁЯШЭЁЯШЭ рдкреБрд░рд╛рдиреЗ рдЬрдорд╛рдиреЗ рдореЗрдВ рдЬрдм рдХреЛрдИ
рдЕрдХреЗрд▓рд╛ рдмреИрдардХрд░ рд╣рдВрд╕рддрд╛ рдерд╛, рддреЛ рд▓реЛрдЧ
рдХрд╣рддреЗ рдереЗтАж рдХрд┐ рдЗрд╕рдкрд░ рдХреЛрдИ рднреВрдд-
рдкреНрд░реЗрдд рдХрд╛ рд╕рд╛рдВрдпрд╛ рд╣реИ..!!
рдЖрдЬ рдХреЛрдИ рдЕрдХреЗрд▓реЗ рдореЗрдВ рдмреИрдардХрд░ рд╣рдВрд╕рддрд╛ рд╣реИ
рддреЛ рдХрд╣рддреЗ рд╣реИрдВтАж
рдореБрдЭреЗ рднреА SEND рдХрд░ рджреЗ 
ЁЯШВЁЯШВЁЯШВЁЯШЖЁЯШЖЁЯШЖЁЯМ┐ЁЯРД
рднрд╛рд░рдд рдЕрдм рд╕рд╛рдл рд╕реБрдерд░рд╛ рд░рд╣реЗрдЧрд╛ рдХреНрдпреЛрдВрдХрд┐ рдЕрдм рдкреВрд░реА ,
 " рдирд┐рд░рдорд╛ рд╡рд╛рд╢рд┐рдВрдЧ рдкрд╛рдЙрдбрд░ " рдХреА рдЯреАрдо
 " рд╕рдВрд╕рдж " рдореЗрдВ рдореМрдЬреВрдж рд╣реИ ...!!
рд╣реЗрдорд╛ ,
рд░реЗрдЦрд╛ ,
рдЬрдпрд╛ ,
рдФрд░
рд╕реБрд╖рдорд╛ ,
рд╕рдмрдХреА рдкрд╕рдВрдж ,рдирд┐рд░рдорд╛ .....ЁЯО╜ЁЯСЦЁЯО╜ЁЯСЦN
рдПрдХрджрдо рд▓реЗрдЯреЗрд╕реНрдЯ рд╣реИ.......ЁЯША

рд╣рд╕реЛ рдордд watsp рдореЗ рдирдпрд╛ рд╣реИ forward рдХрд░реЛред
DEBUG 2016-12-09 23:35:25,483 [main] com.atmlabs.humorizerbot.repositories.BotRepositories - 02/12/16, 7:15:50 AM:  +91┬а78997┬а07704 : рдмрд╛рдЧреЛрдВ рдореЗрдВ  рдмрд╣рд╛рд░ рд╣реИ ЁЯШЬЁЯШЬ

рдЖрдЬ рд╢реБрдХреНрд░рд╡рд╛рд░  рд╣реИ? рд╣рд╛рдБ рд╣реИ
рдЖ рдЧрдИ рдкрдЧрд╛рд░ рд╣реИ? рд╣рд╛рдБ рд╣реИ
рдмреИрдВрдХреЛрдВ рдореЗрдВ рдХрддрд╛рд░ рд╣реИ? рд╣рд╛рдБ рд╣реИ
рдкреИрд╕реЗ рдорд┐рд▓рдиреЗ рдХреЗ рдЖрд╕рд╛рд░ рд╣реИрдВ? 

рдирд╛ рдирд╛ рдирд╛ рдирд╛ рдирд╛ рдирд╛ рдирд╛ рдирд╛ЁЯШВЁЯШВ
DEBUG 2016-12-09 23:35:25,750 [main] com.atmlabs.humorizerbot.repositories.BotRepositories - 01/12/16, 12:32:05 PM: Ajay Bhai: Now govt is going to take away all your unregistered properties back...

Have you registered your marriage?

In case you haven't 

HAPPY DAYS ARE AHEAD.....

ЁЯШЬ
